d:\documents\documents\work\с++\src_sample\consolengine\debug\vc141.pdb
d:\documents\documents\work\с++\src_sample\consolengine\debug\vc141.idb
d:\documents\documents\work\с++\src_sample\consolengine\debug\baseapp.obj
d:\documents\documents\work\с++\src_sample\consolengine\debug\main.obj
d:\documents\documents\work\с++\src_sample\consolengine\debug\testapp.obj
d:\documents\github\tetris\src_sample\consolengine\debug\vc141.pdb
d:\documents\github\tetris\src_sample\consolengine\debug\vc141.idb
d:\documents\github\tetris\src_sample\consolengine\debug\baseapp.obj
d:\documents\github\tetris\src_sample\consolengine\debug\block.obj
d:\documents\github\tetris\src_sample\consolengine\debug\main.obj
d:\documents\github\tetris\src_sample\consolengine\debug\game.obj
d:\documents\documents\work\с++\src_sample\debug\consolengine.exe
d:\documents\documents\work\с++\src_sample\debug\consolengine.ilk
d:\documents\documents\work\с++\src_sample\debug\consolengine.pdb
d:\documents\github\tetris\src_sample\consolengine\debug\testapp.obj
d:\documents\github\tetris\src_sample\debug\consolengine.pdb
d:\documents\github\tetris\src_sample\debug\consolengine.exe
d:\documents\github\tetris\src_sample\debug\consolengine.ilk
d:\documents\github\tetris\src_sample\consolengine\debug\consolengine.tlog\cl.command.1.tlog
d:\documents\github\tetris\src_sample\consolengine\debug\consolengine.tlog\cl.read.1.tlog
d:\documents\github\tetris\src_sample\consolengine\debug\consolengine.tlog\cl.write.1.tlog
d:\documents\github\tetris\src_sample\consolengine\debug\consolengine.tlog\link.command.1.tlog
d:\documents\github\tetris\src_sample\consolengine\debug\consolengine.tlog\link.read.1.tlog
d:\documents\github\tetris\src_sample\consolengine\debug\consolengine.tlog\link.write.1.tlog
